c:\users\life2\desktop\ппивис\tagpuzzle\tagpuzzle\x64\debug\vc143.pdb
c:\users\life2\desktop\ппивис\tagpuzzle\tagpuzzle\x64\debug\vc143.idb
c:\users\life2\desktop\ппивис\tagpuzzle\tagpuzzle\x64\debug\tile.obj
c:\users\life2\desktop\ппивис\tagpuzzle\tagpuzzle\x64\debug\tagpuzzle.obj
c:\users\life2\desktop\ппивис\tagpuzzle\tagpuzzle\x64\debug\menu.obj
c:\users\life2\desktop\ппивис\tagpuzzle\tagpuzzle\x64\debug\puzzle.obj
c:\users\life2\desktop\ппивис\tagpuzzle\x64\debug\tagpuzzle.exe
c:\users\life2\desktop\ппивис\tagpuzzle\tagpuzzle\x64\debug\tagpuzzle.ilk
c:\users\life2\desktop\ппивис\tagpuzzle\x64\debug\tagpuzzle.pdb
c:\bsuir\bsuir\ппоис\tagpuzzle\tagpuzzle\x64\debug\menu.obj
c:\bsuir\bsuir\ппоис\tagpuzzle\tagpuzzle\x64\debug\puzzle.obj
c:\bsuir\bsuir\ппоис\tagpuzzle\tagpuzzle\x64\debug\tagpuzzle.obj
c:\bsuir\bsuir\ппоис\tagpuzzle\tagpuzzle\x64\debug\tile.obj
c:\bsuir\bsuir\ппоис\tagpuzzle\tagpuzzle\x64\debug\tagpuzzle.ilk
c:\bsuir\bsuir\ппоис\tagpuzzle\tagpuzzle\x64\debug\vc143.idb
c:\bsuir\bsuir\ппоис\tagpuzzle\tagpuzzle\x64\debug\vc143.pdb
c:\bsuir\bsuir\ппоис\tagpuzzle\x64\debug\tagpuzzle.pdb
c:\bsuir\bsuir\ппоис\tagpuzzle\x64\debug\tagpuzzle.exe
c:\bsuir\bsuir\ппоис\tagpuzzle\tagpuzzle\x64\debug\tagpuzzle.tlog\cl.command.1.tlog
c:\bsuir\bsuir\ппоис\tagpuzzle\tagpuzzle\x64\debug\tagpuzzle.tlog\cl.read.1.tlog
c:\bsuir\bsuir\ппоис\tagpuzzle\tagpuzzle\x64\debug\tagpuzzle.tlog\cl.write.1.tlog
c:\bsuir\bsuir\ппоис\tagpuzzle\tagpuzzle\x64\debug\tagpuzzle.tlog\link.command.1.tlog
c:\bsuir\bsuir\ппоис\tagpuzzle\tagpuzzle\x64\debug\tagpuzzle.tlog\link.read.1.tlog
c:\bsuir\bsuir\ппоис\tagpuzzle\tagpuzzle\x64\debug\tagpuzzle.tlog\link.write.1.tlog
